<?xml version="1.0" encoding="UTF-8"?>
<coverage generated="1670576119349" clover="3.2.0">
  <project timestamp="1670576119349" name="All files">
    <metrics statements="45" coveredstatements="45" conditionals="13" coveredconditionals="13" methods="8" coveredmethods="8" elements="66" coveredelements="66" complexity="0" loc="45" ncloc="45" packages="1" files="1" classes="1"/>
    <file name="bank.ts" path="/Users/jstm/Documents/IIM-master1/TDD/bank/bank.ts">
      <metrics statements="45" coveredstatements="45" conditionals="13" coveredconditionals="13" methods="8" coveredmethods="8"/>
      <line num="76" count="1" type="stmt"/>
      <line num="77" count="1" type="stmt"/>
      <line num="80" count="1" type="stmt"/>
      <line num="81" count="2" type="stmt"/>
      <line num="83" count="2" type="stmt"/>
      <line num="86" count="1" type="stmt"/>
      <line num="88" count="4" type="cond" truecount="2" falsecount="0"/>
      <line num="89" count="2" type="stmt"/>
      <line num="91" count="2" type="stmt"/>
      <line num="94" count="2" type="stmt"/>
      <line num="97" count="1" type="stmt"/>
      <line num="99" count="5" type="cond" truecount="2" falsecount="0"/>
      <line num="100" count="3" type="stmt"/>
      <line num="101" count="3" type="stmt"/>
      <line num="103" count="2" type="stmt"/>
      <line num="106" count="3" type="stmt"/>
      <line num="109" count="1" type="stmt"/>
      <line num="111" count="3" type="cond" truecount="1" falsecount="0"/>
      <line num="112" count="3" type="stmt"/>
      <line num="113" count="3" type="stmt"/>
      <line num="116" count="3" type="stmt"/>
      <line num="119" count="1" type="stmt"/>
      <line num="120" count="3" type="stmt"/>
      <line num="123" count="1" type="stmt"/>
      <line num="126" count="3" type="stmt"/>
      <line num="127" count="3" type="stmt"/>
      <line num="128" count="12" type="cond" truecount="2" falsecount="0"/>
      <line num="129" count="1" type="stmt"/>
      <line num="131" count="11" type="stmt"/>
      <line num="135" count="3" type="cond" truecount="2" falsecount="0"/>
      <line num="136" count="1" type="stmt"/>
      <line num="138" count="2" type="stmt"/>
      <line num="139" count="2" type="stmt"/>
      <line num="142" count="3" type="stmt"/>
      <line num="145" count="1" type="stmt"/>
      <line num="148" count="3" type="stmt"/>
      <line num="149" count="3" type="stmt"/>
      <line num="150" count="12" type="cond" truecount="2" falsecount="0"/>
      <line num="151" count="2" type="stmt"/>
      <line num="153" count="10" type="stmt"/>
      <line num="157" count="3" type="cond" truecount="2" falsecount="0"/>
      <line num="158" count="2" type="stmt"/>
      <line num="159" count="2" type="stmt"/>
      <line num="161" count="1" type="stmt"/>
      <line num="164" count="3" type="stmt"/>
    </file>
  </project>
</coverage>
