{"/Users/jstm/Documents/IIM-master1/TDD/bank/bank.ts": {"path":"/Users/jstm/Documents/IIM-master1/TDD/bank/bank.ts","statementMap":{"0":{"start":{"line":76,"column":30},"end":{"line":78,"column":1}},"1":{"start":{"line":77,"column":2},"end":{"line":77,"column":17}},"2":{"start":{"line":76,"column":13},"end":{"line":76,"column":30}},"3":{"start":{"line":80,"column":24},"end":{"line":84,"column":1}},"4":{"start":{"line":81,"column":2},"end":{"line":81,"column":19}},"5":{"start":{"line":83,"column":2},"end":{"line":83,"column":17}},"6":{"start":{"line":80,"column":13},"end":{"line":80,"column":24}},"7":{"start":{"line":86,"column":27},"end":{"line":95,"column":1}},"8":{"start":{"line":88,"column":2},"end":{"line":92,"column":null}},"9":{"start":{"line":89,"column":4},"end":{"line":89,"column":21}},"10":{"start":{"line":91,"column":4},"end":{"line":91,"column":61}},"11":{"start":{"line":94,"column":2},"end":{"line":94,"column":17}},"12":{"start":{"line":86,"column":13},"end":{"line":86,"column":27}},"13":{"start":{"line":97,"column":29},"end":{"line":107,"column":1}},"14":{"start":{"line":99,"column":2},"end":{"line":104,"column":null}},"15":{"start":{"line":100,"column":4},"end":{"line":100,"column":22}},"16":{"start":{"line":101,"column":4},"end":{"line":101,"column":22}},"17":{"start":{"line":103,"column":4},"end":{"line":103,"column":62}},"18":{"start":{"line":106,"column":2},"end":{"line":106,"column":30}},"19":{"start":{"line":97,"column":13},"end":{"line":97,"column":29}},"20":{"start":{"line":109,"column":25},"end":{"line":117,"column":1}},"21":{"start":{"line":111,"column":2},"end":{"line":114,"column":null}},"22":{"start":{"line":112,"column":4},"end":{"line":112,"column":21}},"23":{"start":{"line":113,"column":4},"end":{"line":113,"column":18}},"24":{"start":{"line":116,"column":2},"end":{"line":116,"column":25}},"25":{"start":{"line":109,"column":13},"end":{"line":109,"column":25}},"26":{"start":{"line":119,"column":30},"end":{"line":121,"column":1}},"27":{"start":{"line":120,"column":2},"end":{"line":120,"column":21}},"28":{"start":{"line":119,"column":13},"end":{"line":119,"column":30}},"29":{"start":{"line":123,"column":29},"end":{"line":143,"column":1}},"30":{"start":{"line":126,"column":16},"end":{"line":126,"column":18}},"31":{"start":{"line":127,"column":2},"end":{"line":133,"column":null}},"32":{"start":{"line":128,"column":4},"end":{"line":132,"column":null}},"33":{"start":{"line":129,"column":6},"end":{"line":129,"column":26}},"34":{"start":{"line":131,"column":6},"end":{"line":131,"column":25}},"35":{"start":{"line":135,"column":2},"end":{"line":140,"column":null}},"36":{"start":{"line":136,"column":4},"end":{"line":136,"column":40}},"37":{"start":{"line":138,"column":4},"end":{"line":138,"column":null}},"38":{"start":{"line":139,"column":4},"end":{"line":139,"column":22}},"39":{"start":{"line":142,"column":2},"end":{"line":142,"column":13}},"40":{"start":{"line":123,"column":13},"end":{"line":123,"column":29}},"41":{"start":{"line":145,"column":29},"end":{"line":165,"column":1}},"42":{"start":{"line":148,"column":16},"end":{"line":148,"column":18}},"43":{"start":{"line":149,"column":2},"end":{"line":155,"column":null}},"44":{"start":{"line":150,"column":4},"end":{"line":154,"column":null}},"45":{"start":{"line":151,"column":6},"end":{"line":151,"column":25}},"46":{"start":{"line":153,"column":6},"end":{"line":153,"column":26}},"47":{"start":{"line":157,"column":2},"end":{"line":162,"column":null}},"48":{"start":{"line":158,"column":4},"end":{"line":158,"column":null}},"49":{"start":{"line":159,"column":4},"end":{"line":159,"column":22}},"50":{"start":{"line":161,"column":4},"end":{"line":161,"column":39}},"51":{"start":{"line":164,"column":2},"end":{"line":164,"column":13}},"52":{"start":{"line":145,"column":13},"end":{"line":145,"column":29}}},"fnMap":{"0":{"name":"(anonymous_0)","decl":{"start":{"line":76,"column":30},"end":{"line":76,"column":31}},"loc":{"start":{"line":76,"column":58},"end":{"line":78,"column":1}}},"1":{"name":"(anonymous_1)","decl":{"start":{"line":80,"column":24},"end":{"line":80,"column":25}},"loc":{"start":{"line":80,"column":67},"end":{"line":84,"column":1}}},"2":{"name":"(anonymous_2)","decl":{"start":{"line":86,"column":27},"end":{"line":86,"column":28}},"loc":{"start":{"line":86,"column":70},"end":{"line":95,"column":1}}},"3":{"name":"(anonymous_3)","decl":{"start":{"line":97,"column":29},"end":{"line":97,"column":30}},"loc":{"start":{"line":97,"column":101},"end":{"line":107,"column":1}}},"4":{"name":"(anonymous_4)","decl":{"start":{"line":109,"column":25},"end":{"line":109,"column":26}},"loc":{"start":{"line":109,"column":92},"end":{"line":117,"column":1}}},"5":{"name":"(anonymous_5)","decl":{"start":{"line":119,"column":30},"end":{"line":119,"column":31}},"loc":{"start":{"line":119,"column":62},"end":{"line":121,"column":1}}},"6":{"name":"(anonymous_6)","decl":{"start":{"line":123,"column":29},"end":{"line":123,"column":30}},"loc":{"start":{"line":123,"column":90},"end":{"line":143,"column":1}}},"7":{"name":"(anonymous_7)","decl":{"start":{"line":145,"column":29},"end":{"line":145,"column":30}},"loc":{"start":{"line":145,"column":93},"end":{"line":165,"column":1}}}},"branchMap":{"0":{"loc":{"start":{"line":88,"column":2},"end":{"line":92,"column":null}},"type":"if","locations":[{"start":{"line":88,"column":2},"end":{"line":92,"column":null}},{"start":{"line":90,"column":9},"end":{"line":92,"column":null}}]},"1":{"loc":{"start":{"line":99,"column":2},"end":{"line":104,"column":null}},"type":"if","locations":[{"start":{"line":99,"column":2},"end":{"line":104,"column":null}},{"start":{"line":102,"column":9},"end":{"line":104,"column":null}}]},"2":{"loc":{"start":{"line":111,"column":2},"end":{"line":114,"column":null}},"type":"if","locations":[{"start":{"line":111,"column":2},"end":{"line":114,"column":null}}]},"3":{"loc":{"start":{"line":128,"column":4},"end":{"line":132,"column":null}},"type":"if","locations":[{"start":{"line":128,"column":4},"end":{"line":132,"column":null}},{"start":{"line":130,"column":11},"end":{"line":132,"column":null}}]},"4":{"loc":{"start":{"line":135,"column":2},"end":{"line":140,"column":null}},"type":"if","locations":[{"start":{"line":135,"column":2},"end":{"line":140,"column":null}},{"start":{"line":137,"column":9},"end":{"line":140,"column":null}}]},"5":{"loc":{"start":{"line":150,"column":4},"end":{"line":154,"column":null}},"type":"if","locations":[{"start":{"line":150,"column":4},"end":{"line":154,"column":null}},{"start":{"line":152,"column":11},"end":{"line":154,"column":null}}]},"6":{"loc":{"start":{"line":157,"column":2},"end":{"line":162,"column":null}},"type":"if","locations":[{"start":{"line":157,"column":2},"end":{"line":162,"column":null}},{"start":{"line":160,"column":9},"end":{"line":162,"column":null}}]}},"s":{"0":1,"1":1,"2":1,"3":1,"4":2,"5":2,"6":1,"7":1,"8":4,"9":2,"10":2,"11":2,"12":1,"13":1,"14":5,"15":3,"16":3,"17":2,"18":3,"19":1,"20":1,"21":3,"22":3,"23":3,"24":3,"25":1,"26":1,"27":3,"28":1,"29":1,"30":3,"31":3,"32":12,"33":1,"34":11,"35":3,"36":1,"37":2,"38":2,"39":3,"40":1,"41":1,"42":3,"43":3,"44":12,"45":2,"46":10,"47":3,"48":2,"49":2,"50":1,"51":3,"52":1},"f":{"0":1,"1":2,"2":4,"3":5,"4":3,"5":3,"6":3,"7":3},"b":{"0":[2,2],"1":[3,2],"2":[3],"3":[1,11],"4":[1,2],"5":[2,10],"6":[2,1]}}
}
