TN:
SF:bank.ts
FN:76,(anonymous_0)
FN:80,(anonymous_1)
FN:86,(anonymous_2)
FN:97,(anonymous_3)
FN:109,(anonymous_4)
FN:119,(anonymous_5)
FN:123,(anonymous_6)
FN:145,(anonymous_7)
FNF:8
FNH:8
FNDA:1,(anonymous_0)
FNDA:2,(anonymous_1)
FNDA:4,(anonymous_2)
FNDA:5,(anonymous_3)
FNDA:3,(anonymous_4)
FNDA:3,(anonymous_5)
FNDA:3,(anonymous_6)
FNDA:3,(anonymous_7)
DA:76,1
DA:77,1
DA:80,1
DA:81,2
DA:83,2
DA:86,1
DA:88,4
DA:89,2
DA:91,2
DA:94,2
DA:97,1
DA:99,5
DA:100,3
DA:101,3
DA:103,2
DA:106,3
DA:109,1
DA:111,3
DA:112,3
DA:113,3
DA:116,3
DA:119,1
DA:120,3
DA:123,1
DA:126,3
DA:127,3
DA:128,12
DA:129,1
DA:131,11
DA:135,3
DA:136,1
DA:138,2
DA:139,2
DA:142,3
DA:145,1
DA:148,3
DA:149,3
DA:150,12
DA:151,2
DA:153,10
DA:157,3
DA:158,2
DA:159,2
DA:161,1
DA:164,3
LF:45
LH:45
BRDA:88,0,0,2
BRDA:88,0,1,2
BRDA:99,1,0,3
BRDA:99,1,1,2
BRDA:111,2,0,3
BRDA:128,3,0,1
BRDA:128,3,1,11
BRDA:135,4,0,1
BRDA:135,4,1,2
BRDA:150,5,0,2
BRDA:150,5,1,10
BRDA:157,6,0,2
BRDA:157,6,1,1
BRF:13
BRH:13
end_of_record
